[
  {
    "line": 4,
    "elements": [
      {
        "start_timestamp": "2020-03-04T16:40:10.631Z",
        "before": [
          {
            "result": {
              "duration": 16156114600,
              "status": "passed"
            },
            "match": {
              "location": "HookClassForSkate.beforeForAdactin()"
            }
          }
        ],
        "line": 39,
        "name": "verifying adactin login with valid credential.",
        "description": "",
        "id": "verifying-the-whether-user-is-able-to-book-hotel.;verifying-adactin-login-with-valid-credential.;;2",
        "after": [
          {
            "result": {
              "error_message": "org.openqa.selenium.NoSuchWindowException: no such window: target window already closed\nfrom unknown error: web view not found\n  (Session info: chrome\u003d80.0.3987.122)\nBuild info: version: \u00273.141.59\u0027, revision: \u0027e82be7d358\u0027, time: \u00272018-11-14T08:17:03\u0027\nSystem info: host: \u0027LAPTOP-K28EKLKS\u0027, ip: \u0027192.168.1.2\u0027, os.name: \u0027Windows 10\u0027, os.arch: \u0027amd64\u0027, os.version: \u002710.0\u0027, java.version: \u00271.8.0_221\u0027\nDriver info: org.openqa.selenium.chrome.ChromeDriver\nCapabilities {acceptInsecureCerts: false, browserName: chrome, browserVersion: 80.0.3987.122, chrome: {chromedriverVersion: 79.0.3945.36 (3582db32b3389..., userDataDir: C:\\Users\\SHABEE~1\\AppData\\L...}, goog:chromeOptions: {debuggerAddress: localhost:52167}, javascriptEnabled: true, networkConnectionEnabled: false, pageLoadStrategy: normal, platform: WINDOWS, platformName: WINDOWS, proxy: Proxy(), setWindowRect: true, strictFileInteractability: false, timeouts: {implicit: 0, pageLoad: 300000, script: 30000}, unhandledPromptBehavior: dismiss and notify}\nSession ID: 30a415cbc90b120b130f32d7008fd091\r\n\tat sun.reflect.NativeConstructorAccessorImpl.newInstance0(Native Method)\r\n\tat sun.reflect.NativeConstructorAccessorImpl.newInstance(NativeConstructorAccessorImpl.java:62)\r\n\tat sun.reflect.DelegatingConstructorAccessorImpl.newInstance(DelegatingConstructorAccessorImpl.java:45)\r\n\tat java.lang.reflect.Constructor.newInstance(Constructor.java:423)\r\n\tat org.openqa.selenium.remote.http.W3CHttpResponseCodec.createException(W3CHttpResponseCodec.java:187)\r\n\tat org.openqa.selenium.remote.http.W3CHttpResponseCodec.decode(W3CHttpResponseCodec.java:122)\r\n\tat org.openqa.selenium.remote.http.W3CHttpResponseCodec.decode(W3CHttpResponseCodec.java:49)\r\n\tat org.openqa.selenium.remote.HttpCommandExecutor.execute(HttpCommandExecutor.java:158)\r\n\tat org.openqa.selenium.remote.service.DriverCommandExecutor.execute(DriverCommandExecutor.java:83)\r\n\tat org.openqa.selenium.remote.RemoteWebDriver.execute(RemoteWebDriver.java:552)\r\n\tat org.openqa.selenium.remote.RemoteWebDriver.execute(RemoteWebDriver.java:609)\r\n\tat org.openqa.selenium.remote.RemoteWebDriver.getScreenshotAs(RemoteWebDriver.java:295)\r\n\tat com.stepdefinition.HookClassForSkate.afterScenario(HookClassForSkate.java:29)\r\n\tat sun.reflect.NativeMethodAccessorImpl.invoke0(Native Method)\r\n\tat sun.reflect.NativeMethodAccessorImpl.invoke(NativeMethodAccessorImpl.java:62)\r\n\tat sun.reflect.DelegatingMethodAccessorImpl.invoke(DelegatingMethodAccessorImpl.java:43)\r\n\tat java.lang.reflect.Method.invoke(Method.java:498)\r\n\tat cucumber.runtime.Utils$1.call(Utils.java:26)\r\n\tat cucumber.runtime.Timeout.timeout(Timeout.java:16)\r\n\tat cucumber.runtime.Utils.invoke(Utils.java:20)\r\n\tat cucumber.runtime.java.JavaHookDefinition.execute(JavaHookDefinition.java:65)\r\n\tat cucumber.runner.HookDefinitionMatch.runStep(HookDefinitionMatch.java:16)\r\n\tat cucumber.runner.TestStep.executeStep(TestStep.java:65)\r\n\tat cucumber.runner.TestStep.run(TestStep.java:50)\r\n\tat cucumber.runner.TestCase.run(TestCase.java:50)\r\n\tat cucumber.runner.Runner.runPickle(Runner.java:50)\r\n\tat io.cucumber.junit.PickleRunners$NoStepDescriptions.run(PickleRunners.java:146)\r\n\tat io.cucumber.junit.FeatureRunner.runChild(FeatureRunner.java:68)\r\n\tat io.cucumber.junit.FeatureRunner.runChild(FeatureRunner.java:23)\r\n\tat org.junit.runners.ParentRunner$3.run(ParentRunner.java:290)\r\n\tat org.junit.runners.ParentRunner$1.schedule(ParentRunner.java:71)\r\n\tat org.junit.runners.ParentRunner.runChildren(ParentRunner.java:288)\r\n\tat org.junit.runners.ParentRunner.access$000(ParentRunner.java:58)\r\n\tat org.junit.runners.ParentRunner$2.evaluate(ParentRunner.java:268)\r\n\tat org.junit.runners.ParentRunner.run(ParentRunner.java:363)\r\n\tat io.cucumber.junit.Cucumber.runChild(Cucumber.java:144)\r\n\tat io.cucumber.junit.Cucumber.runChild(Cucumber.java:65)\r\n\tat org.junit.runners.ParentRunner$3.run(ParentRunner.java:290)\r\n\tat org.junit.runners.ParentRunner$1.schedule(ParentRunner.java:71)\r\n\tat org.junit.runners.ParentRunner.runChildren(ParentRunner.java:288)\r\n\tat org.junit.runners.ParentRunner.access$000(ParentRunner.java:58)\r\n\tat org.junit.runners.ParentRunner$2.evaluate(ParentRunner.java:268)\r\n\tat io.cucumber.junit.Cucumber$RunCucumber.evaluate(Cucumber.java:174)\r\n\tat org.junit.runners.ParentRunner.run(ParentRunner.java:363)\r\n\tat org.eclipse.jdt.internal.junit4.runner.JUnit4TestReference.run(JUnit4TestReference.java:86)\r\n\tat org.eclipse.jdt.internal.junit.runner.TestExecution.run(TestExecution.java:38)\r\n\tat org.eclipse.jdt.internal.junit.runner.RemoteTestRunner.runTests(RemoteTestRunner.java:538)\r\n\tat org.eclipse.jdt.internal.junit.runner.RemoteTestRunner.runTests(RemoteTestRunner.java:760)\r\n\tat org.eclipse.jdt.internal.junit.runner.RemoteTestRunner.run(RemoteTestRunner.java:460)\r\n\tat org.eclipse.jdt.internal.junit.runner.RemoteTestRunner.main(RemoteTestRunner.java:206)\r\n",
              "duration": 37373300,
              "status": "failed"
            },
            "match": {
              "location": "HookClassForSkate.afterScenario(Scenario)"
            }
          },
          {
            "result": {
              "duration": 850073500,
              "status": "passed"
            },
            "match": {
              "location": "HookClassForSkate.quit()"
            }
          }
        ],
        "type": "scenario",
        "keyword": "Scenario Outline",
        "steps": [
          {
            "result": {
              "duration": 1626600,
              "status": "passed"
            },
            "line": 6,
            "name": "User is in adactin page.",
            "match": {
              "location": "LoginPageSteps.user_is_in_adactin_page()"
            },
            "keyword": "Given "
          },
          {
            "result": {
              "duration": 595357100,
              "status": "passed"
            },
            "line": 7,
            "name": "User enters \"Ahmed7848\" and \"Welcome@123\".",
            "match": {
              "arguments": [
                {
                  "val": "\"Ahmed7848\"",
                  "offset": 12
                },
                {
                  "val": "\"Welcome@123\"",
                  "offset": 28
                }
              ],
              "location": "LoginPageSteps.user_enters_and(String,String)"
            },
            "keyword": "When "
          },
          {
            "result": {
              "duration": 1864552900,
              "status": "passed"
            },
            "line": 8,
            "name": "useer is clicked login button.",
            "match": {
              "location": "LoginPageSteps.useer_is_clicked_login_button()"
            },
            "keyword": "Then "
          },
          {
            "result": {
              "duration": 220482800,
              "status": "passed"
            },
            "line": 10,
            "name": "user is selecting the location \"Sydney\"",
            "match": {
              "arguments": [
                {
                  "val": "\"Sydney\"",
                  "offset": 31
                }
              ],
              "location": "LoginPageSteps.user_is_selecting_the_location(String)"
            },
            "keyword": "When "
          },
          {
            "result": {
              "duration": 164596800,
              "status": "passed"
            },
            "line": 11,
            "name": "user is selecting the hotel\"Hotel Creek\"",
            "match": {
              "arguments": [
                {
                  "val": "\"Hotel Creek\"",
                  "offset": 27
                }
              ],
              "location": "LoginPageSteps.user_is_selecting_the_hotel(String)"
            },
            "keyword": "When "
          },
          {
            "result": {
              "duration": 131366800,
              "status": "passed"
            },
            "line": 12,
            "name": "user is selcting roomtype\"Standard\".",
            "match": {
              "arguments": [
                {
                  "val": "\"Standard\"",
                  "offset": 25
                }
              ],
              "location": "LoginPageSteps.user_is_selcting_roomtype(String)"
            },
            "keyword": "When "
          },
          {
            "result": {
              "duration": 170728500,
              "status": "passed"
            },
            "line": 13,
            "name": "user is selecting number of rooms 1",
            "match": {
              "arguments": [
                {
                  "val": "1",
                  "offset": 34
                }
              ],
              "location": "LoginPageSteps.user_is_selecting_number_of_rooms(Integer)"
            },
            "keyword": "When "
          },
          {
            "result": {
              "duration": 205734600,
              "status": "passed"
            },
            "line": 14,
            "name": "user is selecting number room for adults 2",
            "match": {
              "arguments": [
                {
                  "val": "2",
                  "offset": 41
                }
              ],
              "location": "LoginPageSteps.user_is_selecting_number_room_for_adults(Integer)"
            },
            "keyword": "When "
          },
          {
            "result": {
              "duration": 224305800,
              "status": "passed"
            },
            "line": 15,
            "name": "user is selecting number of room for children 3.",
            "match": {
              "arguments": [
                {
                  "val": "3",
                  "offset": 46
                }
              ],
              "location": "LoginPageSteps.user_is_selecting_number_of_room_for_children(Integer)"
            },
            "keyword": "When "
          },
          {
            "result": {
              "duration": 1007268800,
              "status": "passed"
            },
            "line": 16,
            "name": "user clicking search button",
            "match": {
              "location": "LoginPageSteps.user_clicking_search_button()"
            },
            "keyword": "Then "
          },
          {
            "result": {
              "duration": 106708800,
              "status": "passed"
            },
            "line": 19,
            "name": "user clicking confirm button.",
            "match": {
              "location": "LoginPageSteps.user_clicking_confirm_button()"
            },
            "keyword": "When "
          },
          {
            "result": {
              "duration": 933233900,
              "status": "passed"
            },
            "line": 20,
            "name": "user is clicking continue button.",
            "match": {
              "location": "LoginPageSteps.user_is_clicking_continue_button()"
            },
            "keyword": "Then "
          },
          {
            "result": {
              "duration": 385132000,
              "status": "passed"
            },
            "line": 22,
            "name": "user is enter his \"shabeer\" and \"Ahmed\"",
            "match": {
              "arguments": [
                {
                  "val": "\"shabeer\"",
                  "offset": 18
                },
                {
                  "val": "\"Ahmed\"",
                  "offset": 32
                }
              ],
              "location": "LoginPageSteps.user_is_enter_his_and(String,String)"
            },
            "keyword": "When "
          },
          {
            "result": {
              "duration": 282248300,
              "status": "passed"
            },
            "line": 23,
            "name": "user is enter his \"No 5 george town,new york.\".",
            "match": {
              "arguments": [
                {
                  "val": "\"No 5 george town,new york.\"",
                  "offset": 18
                }
              ],
              "location": "LoginPageSteps.user_is_enter_his(String)"
            },
            "keyword": "When "
          },
          {
            "result": {
              "duration": 275483100,
              "status": "passed"
            },
            "line": 24,
            "name": "user is enter the \"1234567891234567\".",
            "match": {
              "arguments": [
                {
                  "val": "\"1234567891234567\"",
                  "offset": 18
                }
              ],
              "location": "LoginPageSteps.user_is_enter_the(String)"
            },
            "keyword": "When "
          },
          {
            "result": {
              "duration": 130807200,
              "status": "passed"
            },
            "line": 25,
            "name": "user is select his card type\"VISA\"",
            "match": {
              "arguments": [
                {
                  "val": "\"VISA\"",
                  "offset": 28
                }
              ],
              "location": "LoginPageSteps.user_is_select_his_card_type(String)"
            },
            "keyword": "When "
          },
          {
            "result": {
              "duration": 253228800,
              "status": "passed"
            },
            "line": 26,
            "name": "user is select month \"January\"and year \"2020\"of his card.",
            "match": {
              "arguments": [
                {
                  "val": "\"January\"",
                  "offset": 21
                },
                {
                  "val": "\"2020\"",
                  "offset": 39
                }
              ],
              "location": "LoginPageSteps.user_is_select_month_and_year_of_his_card(String,String)"
            },
            "keyword": "When "
          },
          {
            "result": {
              "duration": 93344200,
              "status": "passed"
            },
            "line": 27,
            "name": "user is enter \"123\"",
            "match": {
              "arguments": [
                {
                  "val": "\"123\"",
                  "offset": 14
                }
              ],
              "location": "LoginPageSteps.user_is_enter(String)"
            },
            "keyword": "When "
          },
          {
            "result": {
              "duration": 84498300,
              "status": "passed"
            },
            "line": 28,
            "name": "user is click book now button.",
            "match": {
              "location": "LoginPageSteps.user_is_click_book_now_button()"
            },
            "keyword": "Then "
          },
          {
            "result": {
              "duration": 5699000,
              "status": "passed"
            },
            "line": 32,
            "name": "user is waiting for his order number is get generate",
            "match": {
              "location": "LoginPageSteps.user_is_waiting_for_his_order_number_is_get_generate()"
            },
            "keyword": "When "
          },
          {
            "result": {
              "error_message": "java.lang.IndexOutOfBoundsException: Index: 0\r\n\tat java.util.Collections$EmptyList.get(Collections.java:4456)\r\n\tat sun.reflect.GeneratedMethodAccessor3.invoke(Unknown Source)\r\n\tat sun.reflect.DelegatingMethodAccessorImpl.invoke(DelegatingMethodAccessorImpl.java:43)\r\n\tat java.lang.reflect.Method.invoke(Method.java:498)\r\n\tat org.openqa.selenium.support.pagefactory.internal.LocatingElementListHandler.invoke(LocatingElementListHandler.java:39)\r\n\tat com.sun.proxy.$Proxy17.get(Unknown Source)\r\n\tat com.stepdefinition.LoginPageSteps.user_is_printing_his_order_ID(LoginPageSteps.java:157)\r\n\tat âœ½.user is printing his order ID.(file:src/test/resources/Feature/Login.feature:33)\r\n",
              "duration": 1164471300,
              "status": "failed"
            },
            "line": 33,
            "name": "user is printing his order ID.",
            "match": {
              "location": "LoginPageSteps.user_is_printing_his_order_ID()"
            },
            "keyword": "When "
          },
          {
            "result": {
              "duration": 61500,
              "status": "skipped"
            },
            "line": 34,
            "name": "user is clicking logout.",
            "match": {
              "location": "LoginPageSteps.user_is_clicking_logout()"
            },
            "keyword": "Then "
          }
        ],
        "tags": [
          {
            "name": "@smoke"
          }
        ]
      }
    ],
    "name": "Verifying the whether user is able to book hotel.",
    "description": "",
    "id": "verifying-the-whether-user-is-able-to-book-hotel.",
    "keyword": "Feature",
    "uri": "file:src/test/resources/Feature/Login.feature",
    "tags": [
      {
        "name": "@smoke",
        "type": "Tag",
        "location": {
          "line": 2,
          "column": 1
        }
      }
    ]
  }
]